# JRE version: Java(TM) SE Runtime Environment (8.0_152-b16) (build 1.8.0_152-b16)
# Java VM: Java HotSpot(TM) 64-Bit Server VM (25.152-b16 mixed mode linux-amd64 compressed oops)
Heap:
 PSYoungGen      total 69632K, used 6654K [0x00000000f6500000, 0x00000000fdb80000, 0x0000000100000000)
  eden space 62976K, 0% used [0x00000000f6500000,0x00000000f6500000,0x00000000fa280000)
  from space 6656K, 99% used [0x00000000fa280000,0x00000000fa8ffa90,0x00000000fa900000)
  to   space 10240K, 0% used [0x00000000fd180000,0x00000000fd180000,0x00000000fdb80000)
 ParOldGen       total 20480K, used 14535K [0x00000000e2e00000, 0x00000000e4200000, 0x00000000f6500000)
  object space 20480K, 70% used [0x00000000e2e00000,0x00000000e3c31c18,0x00000000e4200000)
 Metaspace       used 20725K, capacity 21174K, committed 21296K, reserved 1069056K
  class space    used 2529K, capacity 2675K, committed 2688K, reserved 1048576K
GC Heap History (10 events):
Event: 1.717 GC heap after
Heap after GC invocations=5 (full 0):
 PSYoungGen      total 17408K, used 1024K [0x00000000f6500000, 0x00000000f8c00000, 0x0000000100000000)
  eden space 16384K, 0% used [0x00000000f6500000,0x00000000f6500000,0x00000000f7500000)
  from space 1024K, 100% used [0x00000000f7500000,0x00000000f7600000,0x00000000f7600000)
  to   space 3584K, 0% used [0x00000000f8880000,0x00000000f8880000,0x00000000f8c00000)
 ParOldGen       total 20480K, used 6777K [0x00000000e2e00000, 0x00000000e4200000, 0x00000000f6500000)
  object space 20480K, 33% used [0x00000000e2e00000,0x00000000e349e458,0x00000000e4200000)
 Metaspace       used 10088K, capacity 10228K, committed 10240K, reserved 1058816K
  class space    used 1236K, capacity 1277K, committed 1280K, reserved 1048576K
}
Event: 2.190 GC heap before
{Heap before GC invocations=6 (full 0):
 PSYoungGen      total 17408K, used 17408K [0x00000000f6500000, 0x00000000f8c00000, 0x0000000100000000)
  eden space 16384K, 100% used [0x00000000f6500000,0x00000000f7500000,0x00000000f7500000)
  from space 1024K, 100% used [0x00000000f7500000,0x00000000f7600000,0x00000000f7600000)
  to   space 3584K, 0% used [0x00000000f8880000,0x00000000f8880000,0x00000000f8c00000)
 ParOldGen       total 20480K, used 6777K [0x00000000e2e00000, 0x00000000e4200000, 0x00000000f6500000)
  object space 20480K, 33% used [0x00000000e2e00000,0x00000000e349e458,0x00000000e4200000)
 Metaspace       used 11960K, capacity 12136K, committed 12416K, reserved 1060864K
  class space    used 1497K, capacity 1572K, committed 1664K, reserved 1048576K
Event: 2.203 GC heap after
Heap after GC invocations=6 (full 0):
 PSYoungGen      total 35328K, used 3574K [0x00000000f6500000, 0x00000000f8e00000, 0x0000000100000000)
  eden space 31744K, 0% used [0x00000000f6500000,0x00000000f6500000,0x00000000f8400000)
  from space 3584K, 99% used [0x00000000f8880000,0x00000000f8bfd838,0x00000000f8c00000)
  to   space 4608K, 0% used [0x00000000f8400000,0x00000000f8400000,0x00000000f8880000)
 ParOldGen       total 20480K, used 6908K [0x00000000e2e00000, 0x00000000e4200000, 0x00000000f6500000)
  object space 20480K, 33% used [0x00000000e2e00000,0x00000000e34bf378,0x00000000e4200000)
 Metaspace       used 11960K, capacity 12136K, committed 12416K, reserved 1060864K
  class space    used 1497K, capacity 1572K, committed 1664K, reserved 1048576K
}
Event: 3.526 GC heap before
{Heap before GC invocations=7 (full 0):
 PSYoungGen      total 35328K, used 35318K [0x00000000f6500000, 0x00000000f8e00000, 0x0000000100000000)
  eden space 31744K, 100% used [0x00000000f6500000,0x00000000f8400000,0x00000000f8400000)
  from space 3584K, 99% used [0x00000000f8880000,0x00000000f8bfd838,0x00000000f8c00000)
  to   space 4608K, 0% used [0x00000000f8400000,0x00000000f8400000,0x00000000f8880000)
 ParOldGen       total 20480K, used 6908K [0x00000000e2e00000, 0x00000000e4200000, 0x00000000f6500000)
  object space 20480K, 33% used [0x00000000e2e00000,0x00000000e34bf378,0x00000000e4200000)
 Metaspace       used 15335K, capacity 15510K, committed 15872K, reserved 1062912K
  class space    used 1891K, capacity 1975K, committed 2048K, reserved 1048576K
Event: 3.546 GC heap after
Heap after GC invocations=7 (full 0):
 PSYoungGen      total 36352K, used 4601K [0x00000000f6500000, 0x00000000faf00000, 0x0000000100000000)
  eden space 31744K, 0% used [0x00000000f6500000,0x00000000f6500000,0x00000000f8400000)
  from space 4608K, 99% used [0x00000000f8400000,0x00000000f887e530,0x00000000f8880000)
  to   space 6144K, 0% used [0x00000000fa900000,0x00000000fa900000,0x00000000faf00000)
 ParOldGen       total 20480K, used 8545K [0x00000000e2e00000, 0x00000000e4200000, 0x00000000f6500000)
  object space 20480K, 41% used [0x00000000e2e00000,0x00000000e3658640,0x00000000e4200000)
 Metaspace       used 15335K, capacity 15510K, committed 15872K, reserved 1062912K
  class space    used 1891K, capacity 1975K, committed 2048K, reserved 1048576K
}
Event: 4.335 GC heap before
{Heap before GC invocations=8 (full 0):
 PSYoungGen      total 36352K, used 36345K [0x00000000f6500000, 0x00000000faf00000, 0x0000000100000000)
  eden space 31744K, 100% used [0x00000000f6500000,0x00000000f8400000,0x00000000f8400000)
  from space 4608K, 99% used [0x00000000f8400000,0x00000000f887e530,0x00000000f8880000)
  to   space 6144K, 0% used [0x00000000fa900000,0x00000000fa900000,0x00000000faf00000)
 ParOldGen       total 20480K, used 8545K [0x00000000e2e00000, 0x00000000e4200000, 0x00000000f6500000)
  object space 20480K, 41% used [0x00000000e2e00000,0x00000000e3658640,0x00000000e4200000)
 Metaspace       used 16061K, capacity 16370K, committed 16768K, reserved 1064960K
  class space    used 1958K, capacity 2051K, committed 2176K, reserved 1048576K
Event: 4.361 GC heap after
Heap after GC invocations=8 (full 0):
 PSYoungGen      total 69120K, used 5472K [0x00000000f6500000, 0x00000000fb000000, 0x0000000100000000)
  eden space 62976K, 0% used [0x00000000f6500000,0x00000000f6500000,0x00000000fa280000)
  from space 6144K, 89% used [0x00000000fa900000,0x00000000fae58020,0x00000000faf00000)
  to   space 6656K, 0% used [0x00000000fa280000,0x00000000fa280000,0x00000000fa900000)
 ParOldGen       total 20480K, used 8681K [0x00000000e2e00000, 0x00000000e4200000, 0x00000000f6500000)
  object space 20480K, 42% used [0x00000000e2e00000,0x00000000e367a640,0x00000000e4200000)
 Metaspace       used 16061K, capacity 16370K, committed 16768K, reserved 1064960K
  class space    used 1958K, capacity 2051K, committed 2176K, reserved 1048576K
}
Event: 5.450 GC heap before
{Heap before GC invocations=9 (full 0):
 PSYoungGen      total 69120K, used 43781K [0x00000000f6500000, 0x00000000fb000000, 0x0000000100000000)
  eden space 62976K, 60% used [0x00000000f6500000,0x00000000f8a69728,0x00000000fa280000)
  from space 6144K, 89% used [0x00000000fa900000,0x00000000fae58020,0x00000000faf00000)
  to   space 6656K, 0% used [0x00000000fa280000,0x00000000fa280000,0x00000000fa900000)
 ParOldGen       total 20480K, used 8681K [0x00000000e2e00000, 0x00000000e4200000, 0x00000000f6500000)
  object space 20480K, 42% used [0x00000000e2e00000,0x00000000e367a640,0x00000000e4200000)
 Metaspace       used 20725K, capacity 21174K, committed 21296K, reserved 1069056K
  class space    used 2529K, capacity 2675K, committed 2688K, reserved 1048576K
Event: 5.480 GC heap after
Heap after GC invocations=9 (full 0):
 PSYoungGen      total 69632K, used 6654K [0x00000000f6500000, 0x00000000fdb80000, 0x0000000100000000)
  eden space 62976K, 0% used [0x00000000f6500000,0x00000000f6500000,0x00000000fa280000)
  from space 6656K, 99% used [0x00000000fa280000,0x00000000fa8ffa90,0x00000000fa900000)
  to   space 10240K, 0% used [0x00000000fd180000,0x00000000fd180000,0x00000000fdb80000)
 ParOldGen       total 20480K, used 14535K [0x00000000e2e00000, 0x00000000e4200000, 0x00000000f6500000)
  object space 20480K, 70% used [0x00000000e2e00000,0x00000000e3c31c18,0x00000000e4200000)
 Metaspace       used 20725K, capacity 21174K, committed 21296K, reserved 1069056K
  class space    used 2529K, capacity 2675K, committed 2688K, reserved 1048576K
}
Event: 5.480 GC heap before
{Heap before GC invocations=10 (full 1):
 PSYoungGen      total 69632K, used 6654K [0x00000000f6500000, 0x00000000fdb80000, 0x0000000100000000)
  eden space 62976K, 0% used [0x00000000f6500000,0x00000000f6500000,0x00000000fa280000)
  from space 6656K, 99% used [0x00000000fa280000,0x00000000fa8ffa90,0x00000000fa900000)
  to   space 10240K, 0% used [0x00000000fd180000,0x00000000fd180000,0x00000000fdb80000)
 ParOldGen       total 20480K, used 14535K [0x00000000e2e00000, 0x00000000e4200000, 0x00000000f6500000)
  object space 20480K, 70% used [0x00000000e2e00000,0x00000000e3c31c18,0x00000000e4200000)
 Metaspace       used 20725K, capacity 21174K, committed 21296K, reserved 1069056K
  class space    used 2529K, capacity 2675K, committed 2688K, reserved 1048576K

