# JRE version: Java(TM) SE Runtime Environment (8.0_152-b16) (build 1.8.0_152-b16)
# Java VM: Java HotSpot(TM) 64-Bit Server VM (25.152-b16 mixed mode linux-amd64 compressed oops)
Heap:
 PSYoungGen      total 70656K, used 6642K [0x00000000f6500000, 0x00000000fdd00000, 0x0000000100000000)
  eden space 64000K, 0% used [0x00000000f6500000,0x00000000f6500000,0x00000000fa380000)
  from space 6656K, 99% used [0x00000000fa380000,0x00000000fa9fc818,0x00000000faa00000)
  to   space 10240K, 0% used [0x00000000fd300000,0x00000000fd300000,0x00000000fdd00000)
 ParOldGen       total 20480K, used 14981K [0x00000000e2e00000, 0x00000000e4200000, 0x00000000f6500000)
  object space 20480K, 73% used [0x00000000e2e00000,0x00000000e3ca14e0,0x00000000e4200000)
 Metaspace       used 20785K, capacity 21174K, committed 21296K, reserved 1069056K
  class space    used 2534K, capacity 2675K, committed 2688K, reserved 1048576K
GC Heap History (10 events):
Event: 2.150 GC heap after
Heap after GC invocations=5 (full 0):
 PSYoungGen      total 17408K, used 992K [0x00000000f6500000, 0x00000000f8d00000, 0x0000000100000000)
  eden space 16384K, 0% used [0x00000000f6500000,0x00000000f6500000,0x00000000f7500000)
  from space 1024K, 96% used [0x00000000f7500000,0x00000000f75f8020,0x00000000f7600000)
  to   space 4096K, 0% used [0x00000000f8900000,0x00000000f8900000,0x00000000f8d00000)
 ParOldGen       total 20480K, used 6839K [0x00000000e2e00000, 0x00000000e4200000, 0x00000000f6500000)
  object space 20480K, 33% used [0x00000000e2e00000,0x00000000e34adf00,0x00000000e4200000)
 Metaspace       used 10076K, capacity 10228K, committed 10240K, reserved 1058816K
  class space    used 1234K, capacity 1277K, committed 1280K, reserved 1048576K
}
Event: 2.550 GC heap before
{Heap before GC invocations=6 (full 0):
 PSYoungGen      total 17408K, used 17376K [0x00000000f6500000, 0x00000000f8d00000, 0x0000000100000000)
  eden space 16384K, 100% used [0x00000000f6500000,0x00000000f7500000,0x00000000f7500000)
  from space 1024K, 96% used [0x00000000f7500000,0x00000000f75f8020,0x00000000f7600000)
  to   space 4096K, 0% used [0x00000000f8900000,0x00000000f8900000,0x00000000f8d00000)
 ParOldGen       total 20480K, used 6839K [0x00000000e2e00000, 0x00000000e4200000, 0x00000000f6500000)
  object space 20480K, 33% used [0x00000000e2e00000,0x00000000e34adf00,0x00000000e4200000)
 Metaspace       used 11948K, capacity 12136K, committed 12416K, reserved 1060864K
  class space    used 1495K, capacity 1572K, committed 1664K, reserved 1048576K
Event: 2.556 GC heap after
Heap after GC invocations=6 (full 0):
 PSYoungGen      total 36352K, used 3750K [0x00000000f6500000, 0x00000000f8e00000, 0x0000000100000000)
  eden space 32256K, 0% used [0x00000000f6500000,0x00000000f6500000,0x00000000f8480000)
  from space 4096K, 91% used [0x00000000f8900000,0x00000000f8ca9bb0,0x00000000f8d00000)
  to   space 4608K, 0% used [0x00000000f8480000,0x00000000f8480000,0x00000000f8900000)
 ParOldGen       total 20480K, used 6839K [0x00000000e2e00000, 0x00000000e4200000, 0x00000000f6500000)
  object space 20480K, 33% used [0x00000000e2e00000,0x00000000e34adf00,0x00000000e4200000)
 Metaspace       used 11948K, capacity 12136K, committed 12416K, reserved 1060864K
  class space    used 1495K, capacity 1572K, committed 1664K, reserved 1048576K
}
Event: 3.654 GC heap before
{Heap before GC invocations=7 (full 0):
 PSYoungGen      total 36352K, used 36006K [0x00000000f6500000, 0x00000000f8e00000, 0x0000000100000000)
  eden space 32256K, 100% used [0x00000000f6500000,0x00000000f8480000,0x00000000f8480000)
  from space 4096K, 91% used [0x00000000f8900000,0x00000000f8ca9bb0,0x00000000f8d00000)
  to   space 4608K, 0% used [0x00000000f8480000,0x00000000f8480000,0x00000000f8900000)
 ParOldGen       total 20480K, used 6839K [0x00000000e2e00000, 0x00000000e4200000, 0x00000000f6500000)
  object space 20480K, 33% used [0x00000000e2e00000,0x00000000e34adf00,0x00000000e4200000)
 Metaspace       used 15429K, capacity 15638K, committed 15872K, reserved 1062912K
  class space    used 1896K, capacity 1975K, committed 2048K, reserved 1048576K
Event: 3.664 GC heap after
Heap after GC invocations=7 (full 0):
 PSYoungGen      total 36864K, used 4604K [0x00000000f6500000, 0x00000000fb000000, 0x0000000100000000)
  eden space 32256K, 0% used [0x00000000f6500000,0x00000000f6500000,0x00000000f8480000)
  from space 4608K, 99% used [0x00000000f8480000,0x00000000f88ff148,0x00000000f8900000)
  to   space 6144K, 0% used [0x00000000faa00000,0x00000000faa00000,0x00000000fb000000)
 ParOldGen       total 20480K, used 8567K [0x00000000e2e00000, 0x00000000e4200000, 0x00000000f6500000)
  object space 20480K, 41% used [0x00000000e2e00000,0x00000000e365de28,0x00000000e4200000)
 Metaspace       used 15429K, capacity 15638K, committed 15872K, reserved 1062912K
  class space    used 1896K, capacity 1975K, committed 2048K, reserved 1048576K
}
Event: 4.312 GC heap before
{Heap before GC invocations=8 (full 0):
 PSYoungGen      total 36864K, used 36860K [0x00000000f6500000, 0x00000000fb000000, 0x0000000100000000)
  eden space 32256K, 100% used [0x00000000f6500000,0x00000000f8480000,0x00000000f8480000)
  from space 4608K, 99% used [0x00000000f8480000,0x00000000f88ff148,0x00000000f8900000)
  to   space 6144K, 0% used [0x00000000faa00000,0x00000000faa00000,0x00000000fb000000)
 ParOldGen       total 20480K, used 8567K [0x00000000e2e00000, 0x00000000e4200000, 0x00000000f6500000)
  object space 20480K, 41% used [0x00000000e2e00000,0x00000000e365de28,0x00000000e4200000)
 Metaspace       used 16116K, capacity 16434K, committed 16768K, reserved 1064960K
  class space    used 1959K, capacity 2051K, committed 2176K, reserved 1048576K
Event: 4.327 GC heap after
Heap after GC invocations=8 (full 0):
 PSYoungGen      total 70144K, used 5492K [0x00000000f6500000, 0x00000000fb100000, 0x0000000100000000)
  eden space 64000K, 0% used [0x00000000f6500000,0x00000000f6500000,0x00000000fa380000)
  from space 6144K, 89% used [0x00000000faa00000,0x00000000faf5d000,0x00000000fb000000)
  to   space 6656K, 0% used [0x00000000fa380000,0x00000000fa380000,0x00000000faa00000)
 ParOldGen       total 20480K, used 8711K [0x00000000e2e00000, 0x00000000e4200000, 0x00000000f6500000)
  object space 20480K, 42% used [0x00000000e2e00000,0x00000000e3681e28,0x00000000e4200000)
 Metaspace       used 16116K, capacity 16434K, committed 16768K, reserved 1064960K
  class space    used 1959K, capacity 2051K, committed 2176K, reserved 1048576K
}
Event: 5.442 GC heap before
{Heap before GC invocations=9 (full 0):
 PSYoungGen      total 70144K, used 47649K [0x00000000f6500000, 0x00000000fb100000, 0x0000000100000000)
  eden space 64000K, 65% used [0x00000000f6500000,0x00000000f8e2b688,0x00000000fa380000)
  from space 6144K, 89% used [0x00000000faa00000,0x00000000faf5d000,0x00000000fb000000)
  to   space 6656K, 0% used [0x00000000fa380000,0x00000000fa380000,0x00000000faa00000)
 ParOldGen       total 20480K, used 8711K [0x00000000e2e00000, 0x00000000e4200000, 0x00000000f6500000)
  object space 20480K, 42% used [0x00000000e2e00000,0x00000000e3681e28,0x00000000e4200000)
 Metaspace       used 20785K, capacity 21174K, committed 21296K, reserved 1069056K
  class space    used 2534K, capacity 2675K, committed 2688K, reserved 1048576K
Event: 5.474 GC heap after
Heap after GC invocations=9 (full 0):
 PSYoungGen      total 70656K, used 6642K [0x00000000f6500000, 0x00000000fdd00000, 0x0000000100000000)
  eden space 64000K, 0% used [0x00000000f6500000,0x00000000f6500000,0x00000000fa380000)
  from space 6656K, 99% used [0x00000000fa380000,0x00000000fa9fc818,0x00000000faa00000)
  to   space 10240K, 0% used [0x00000000fd300000,0x00000000fd300000,0x00000000fdd00000)
 ParOldGen       total 20480K, used 14981K [0x00000000e2e00000, 0x00000000e4200000, 0x00000000f6500000)
  object space 20480K, 73% used [0x00000000e2e00000,0x00000000e3ca14e0,0x00000000e4200000)
 Metaspace       used 20785K, capacity 21174K, committed 21296K, reserved 1069056K
  class space    used 2534K, capacity 2675K, committed 2688K, reserved 1048576K
}
Event: 5.474 GC heap before
{Heap before GC invocations=10 (full 1):
 PSYoungGen      total 70656K, used 6642K [0x00000000f6500000, 0x00000000fdd00000, 0x0000000100000000)
  eden space 64000K, 0% used [0x00000000f6500000,0x00000000f6500000,0x00000000fa380000)
  from space 6656K, 99% used [0x00000000fa380000,0x00000000fa9fc818,0x00000000faa00000)
  to   space 10240K, 0% used [0x00000000fd300000,0x00000000fd300000,0x00000000fdd00000)
 ParOldGen       total 20480K, used 14981K [0x00000000e2e00000, 0x00000000e4200000, 0x00000000f6500000)
  object space 20480K, 73% used [0x00000000e2e00000,0x00000000e3ca14e0,0x00000000e4200000)
 Metaspace       used 20785K, capacity 21174K, committed 21296K, reserved 1069056K
  class space    used 2534K, capacity 2675K, committed 2688K, reserved 1048576K

