# JRE version: Java(TM) SE Runtime Environment (8.0_152-b16) (build 1.8.0_152-b16)
# Java VM: Java HotSpot(TM) 64-Bit Server VM (25.152-b16 mixed mode linux-amd64 compressed oops)
Heap:
 PSYoungGen      total 69120K, used 23245K [0x00000000f6500000, 0x00000000fb000000, 0x0000000100000000)
  eden space 62976K, 28% used [0x00000000f6500000,0x00000000f765e730,0x00000000fa280000)
  from space 6144K, 88% used [0x00000000fa900000,0x00000000fae55000,0x00000000faf00000)
  to   space 6656K, 0% used [0x00000000fa280000,0x00000000fa280000,0x00000000fa900000)
 ParOldGen       total 20480K, used 8716K [0x00000000e2e00000, 0x00000000e4200000, 0x00000000f6500000)
  object space 20480K, 42% used [0x00000000e2e00000,0x00000000e3683008,0x00000000e4200000)
 Metaspace       used 17416K, capacity 17814K, committed 17920K, reserved 1064960K
  class space    used 2129K, capacity 2259K, committed 2304K, reserved 1048576K
GC Heap History (10 events):
Event: 1.487 GC heap before
{Heap before GC invocations=4 (full 0):
 PSYoungGen      total 9216K, used 9196K [0x00000000f6500000, 0x00000000f7700000, 0x0000000100000000)
  eden space 8192K, 100% used [0x00000000f6500000,0x00000000f6d00000,0x00000000f6d00000)
  from space 1024K, 98% used [0x00000000f6d00000,0x00000000f6dfb248,0x00000000f6e00000)
  to   space 1024K, 0% used [0x00000000f7600000,0x00000000f7600000,0x00000000f7700000)
 ParOldGen       total 20480K, used 3611K [0x00000000e2e00000, 0x00000000e4200000, 0x00000000f6500000)
  object space 20480K, 17% used [0x00000000e2e00000,0x00000000e3186d80,0x00000000e4200000)
 Metaspace       used 8272K, capacity 8412K, committed 8576K, reserved 1056768K
  class space    used 1012K, capacity 1080K, committed 1152K, reserved 1048576K
Event: 1.493 GC heap after
Heap after GC invocations=4 (full 0):
 PSYoungGen      total 17408K, used 1003K [0x00000000f6500000, 0x00000000f7700000, 0x0000000100000000)
  eden space 16384K, 0% used [0x00000000f6500000,0x00000000f6500000,0x00000000f7500000)
  from space 1024K, 98% used [0x00000000f7600000,0x00000000f76faed0,0x00000000f7700000)
  to   space 1024K, 0% used [0x00000000f7500000,0x00000000f7500000,0x00000000f7600000)
 ParOldGen       total 20480K, used 4270K [0x00000000e2e00000, 0x00000000e4200000, 0x00000000f6500000)
  object space 20480K, 20% used [0x00000000e2e00000,0x00000000e322ba98,0x00000000e4200000)
 Metaspace       used 8272K, capacity 8412K, committed 8576K, reserved 1056768K
  class space    used 1012K, capacity 1080K, committed 1152K, reserved 1048576K
}
Event: 1.931 GC heap before
{Heap before GC invocations=5 (full 0):
 PSYoungGen      total 17408K, used 17387K [0x00000000f6500000, 0x00000000f7700000, 0x0000000100000000)
  eden space 16384K, 100% used [0x00000000f6500000,0x00000000f7500000,0x00000000f7500000)
  from space 1024K, 98% used [0x00000000f7600000,0x00000000f76faed0,0x00000000f7700000)
  to   space 1024K, 0% used [0x00000000f7500000,0x00000000f7500000,0x00000000f7600000)
 ParOldGen       total 20480K, used 4270K [0x00000000e2e00000, 0x00000000e4200000, 0x00000000f6500000)
  object space 20480K, 20% used [0x00000000e2e00000,0x00000000e322ba98,0x00000000e4200000)
 Metaspace       used 10076K, capacity 10164K, committed 10240K, reserved 1058816K
  class space    used 1234K, capacity 1277K, committed 1280K, reserved 1048576K
Event: 1.935 GC heap after
Heap after GC invocations=5 (full 0):
 PSYoungGen      total 17408K, used 992K [0x00000000f6500000, 0x00000000f8c00000, 0x0000000100000000)
  eden space 16384K, 0% used [0x00000000f6500000,0x00000000f6500000,0x00000000f7500000)
  from space 1024K, 96% used [0x00000000f7500000,0x00000000f75f8020,0x00000000f7600000)
  to   space 3584K, 0% used [0x00000000f8880000,0x00000000f8880000,0x00000000f8c00000)
 ParOldGen       total 20480K, used 6874K [0x00000000e2e00000, 0x00000000e4200000, 0x00000000f6500000)
  object space 20480K, 33% used [0x00000000e2e00000,0x00000000e34b6830,0x00000000e4200000)
 Metaspace       used 10076K, capacity 10164K, committed 10240K, reserved 1058816K
  class space    used 1234K, capacity 1277K, committed 1280K, reserved 1048576K
}
Event: 2.414 GC heap before
{Heap before GC invocations=6 (full 0):
 PSYoungGen      total 17408K, used 17376K [0x00000000f6500000, 0x00000000f8c00000, 0x0000000100000000)
  eden space 16384K, 100% used [0x00000000f6500000,0x00000000f7500000,0x00000000f7500000)
  from space 1024K, 96% used [0x00000000f7500000,0x00000000f75f8020,0x00000000f7600000)
  to   space 3584K, 0% used [0x00000000f8880000,0x00000000f8880000,0x00000000f8c00000)
 ParOldGen       total 20480K, used 6874K [0x00000000e2e00000, 0x00000000e4200000, 0x00000000f6500000)
  object space 20480K, 33% used [0x00000000e2e00000,0x00000000e34b6830,0x00000000e4200000)
 Metaspace       used 11936K, capacity 12136K, committed 12416K, reserved 1060864K
  class space    used 1493K, capacity 1572K, committed 1664K, reserved 1048576K
Event: 2.421 GC heap after
Heap after GC invocations=6 (full 0):
 PSYoungGen      total 35328K, used 3565K [0x00000000f6500000, 0x00000000f8e00000, 0x0000000100000000)
  eden space 31744K, 0% used [0x00000000f6500000,0x00000000f6500000,0x00000000f8400000)
  from space 3584K, 99% used [0x00000000f8880000,0x00000000f8bfb6a0,0x00000000f8c00000)
  to   space 4608K, 0% used [0x00000000f8400000,0x00000000f8400000,0x00000000f8880000)
 ParOldGen       total 20480K, used 6983K [0x00000000e2e00000, 0x00000000e4200000, 0x00000000f6500000)
  object space 20480K, 34% used [0x00000000e2e00000,0x00000000e34d1da0,0x00000000e4200000)
 Metaspace       used 11936K, capacity 12136K, committed 12416K, reserved 1060864K
  class space    used 1493K, capacity 1572K, committed 1664K, reserved 1048576K
}
Event: 3.928 GC heap before
{Heap before GC invocations=7 (full 0):
 PSYoungGen      total 35328K, used 35309K [0x00000000f6500000, 0x00000000f8e00000, 0x0000000100000000)
  eden space 31744K, 100% used [0x00000000f6500000,0x00000000f8400000,0x00000000f8400000)
  from space 3584K, 99% used [0x00000000f8880000,0x00000000f8bfb6a0,0x00000000f8c00000)
  to   space 4608K, 0% used [0x00000000f8400000,0x00000000f8400000,0x00000000f8880000)
 ParOldGen       total 20480K, used 6983K [0x00000000e2e00000, 0x00000000e4200000, 0x00000000f6500000)
  object space 20480K, 34% used [0x00000000e2e00000,0x00000000e34d1da0,0x00000000e4200000)
 Metaspace       used 15316K, capacity 15510K, committed 15872K, reserved 1062912K
  class space    used 1885K, capacity 1975K, committed 2048K, reserved 1048576K
Event: 3.944 GC heap after
Heap after GC invocations=7 (full 0):
 PSYoungGen      total 36352K, used 4588K [0x00000000f6500000, 0x00000000faf00000, 0x0000000100000000)
  eden space 31744K, 0% used [0x00000000f6500000,0x00000000f6500000,0x00000000f8400000)
  from space 4608K, 99% used [0x00000000f8400000,0x00000000f887b138,0x00000000f8880000)
  to   space 6144K, 0% used [0x00000000fa900000,0x00000000fa900000,0x00000000faf00000)
 ParOldGen       total 20480K, used 8564K [0x00000000e2e00000, 0x00000000e4200000, 0x00000000f6500000)
  object space 20480K, 41% used [0x00000000e2e00000,0x00000000e365d008,0x00000000e4200000)
 Metaspace       used 15316K, capacity 15510K, committed 15872K, reserved 1062912K
  class space    used 1885K, capacity 1975K, committed 2048K, reserved 1048576K
}
Event: 4.801 GC heap before
{Heap before GC invocations=8 (full 0):
 PSYoungGen      total 36352K, used 36332K [0x00000000f6500000, 0x00000000faf00000, 0x0000000100000000)
  eden space 31744K, 100% used [0x00000000f6500000,0x00000000f8400000,0x00000000f8400000)
  from space 4608K, 99% used [0x00000000f8400000,0x00000000f887b138,0x00000000f8880000)
  to   space 6144K, 0% used [0x00000000fa900000,0x00000000fa900000,0x00000000faf00000)
 ParOldGen       total 20480K, used 8564K [0x00000000e2e00000, 0x00000000e4200000, 0x00000000f6500000)
  object space 20480K, 41% used [0x00000000e2e00000,0x00000000e365d008,0x00000000e4200000)
 Metaspace       used 16029K, capacity 16370K, committed 16768K, reserved 1064960K
  class space    used 1958K, capacity 2051K, committed 2176K, reserved 1048576K
Event: 4.816 GC heap after
Heap after GC invocations=8 (full 0):
 PSYoungGen      total 69120K, used 5460K [0x00000000f6500000, 0x00000000fb000000, 0x0000000100000000)
  eden space 62976K, 0% used [0x00000000f6500000,0x00000000f6500000,0x00000000fa280000)
  from space 6144K, 88% used [0x00000000fa900000,0x00000000fae55000,0x00000000faf00000)
  to   space 6656K, 0% used [0x00000000fa280000,0x00000000fa280000,0x00000000fa900000)
 ParOldGen       total 20480K, used 8716K [0x00000000e2e00000, 0x00000000e4200000, 0x00000000f6500000)
  object space 20480K, 42% used [0x00000000e2e00000,0x00000000e3683008,0x00000000e4200000)
 Metaspace       used 16029K, capacity 16370K, committed 16768K, reserved 1064960K
  class space    used 1958K, capacity 2051K, committed 2176K, reserved 1048576K
}

