# JRE version: Java(TM) SE Runtime Environment (8.0_152-b16) (build 1.8.0_152-b16)
# Java VM: Java HotSpot(TM) 64-Bit Server VM (25.152-b16 mixed mode linux-amd64 compressed oops)
Heap:
 PSYoungGen      total 33792K, used 14709K [0x00000000f6500000, 0x00000000f8700000, 0x0000000100000000)
  eden space 32768K, 41% used [0x00000000f6500000,0x00000000f7265590,0x00000000f8500000)
  from space 1024K, 96% used [0x00000000f8600000,0x00000000f86f8020,0x00000000f8700000)
  to   space 1024K, 0% used [0x00000000f8500000,0x00000000f8500000,0x00000000f8600000)
 ParOldGen       total 20480K, used 6796K [0x00000000e2e00000, 0x00000000e4200000, 0x00000000f6500000)
  object space 20480K, 33% used [0x00000000e2e00000,0x00000000e34a3120,0x00000000e4200000)
 Metaspace       used 11560K, capacity 11688K, committed 11776K, reserved 1058816K
  class space    used 1440K, capacity 1508K, committed 1536K, reserved 1048576K
GC Heap History (8 events):
Event: 0.553 GC heap before
{Heap before GC invocations=1 (full 0):
 PSYoungGen      total 9216K, used 8192K [0x00000000f6500000, 0x00000000f6f00000, 0x0000000100000000)
  eden space 8192K, 100% used [0x00000000f6500000,0x00000000f6d00000,0x00000000f6d00000)
  from space 1024K, 0% used [0x00000000f6e00000,0x00000000f6e00000,0x00000000f6f00000)
  to   space 1024K, 0% used [0x00000000f6d00000,0x00000000f6d00000,0x00000000f6e00000)
 ParOldGen       total 20480K, used 0K [0x00000000e2e00000, 0x00000000e4200000, 0x00000000f6500000)
  object space 20480K, 0% used [0x00000000e2e00000,0x00000000e2e00000,0x00000000e4200000)
 Metaspace       used 5464K, capacity 5804K, committed 6144K, reserved 1056768K
  class space    used 598K, capacity 664K, committed 768K, reserved 1048576K
Event: 0.560 GC heap after
Heap after GC invocations=1 (full 0):
 PSYoungGen      total 9216K, used 1008K [0x00000000f6500000, 0x00000000f7700000, 0x0000000100000000)
  eden space 8192K, 0% used [0x00000000f6500000,0x00000000f6500000,0x00000000f6d00000)
  from space 1024K, 98% used [0x00000000f6d00000,0x00000000f6dfc010,0x00000000f6e00000)
  to   space 1024K, 0% used [0x00000000f7600000,0x00000000f7600000,0x00000000f7700000)
 ParOldGen       total 20480K, used 1170K [0x00000000e2e00000, 0x00000000e4200000, 0x00000000f6500000)
  object space 20480K, 5% used [0x00000000e2e00000,0x00000000e2f249e8,0x00000000e4200000)
 Metaspace       used 5464K, capacity 5804K, committed 6144K, reserved 1056768K
  class space    used 598K, capacity 664K, committed 768K, reserved 1048576K
}
Event: 0.878 GC heap before
{Heap before GC invocations=2 (full 0):
 PSYoungGen      total 9216K, used 9200K [0x00000000f6500000, 0x00000000f7700000, 0x0000000100000000)
  eden space 8192K, 100% used [0x00000000f6500000,0x00000000f6d00000,0x00000000f6d00000)
  from space 1024K, 98% used [0x00000000f6d00000,0x00000000f6dfc010,0x00000000f6e00000)
  to   space 1024K, 0% used [0x00000000f7600000,0x00000000f7600000,0x00000000f7700000)
 ParOldGen       total 20480K, used 1170K [0x00000000e2e00000, 0x00000000e4200000, 0x00000000f6500000)
  object space 20480K, 5% used [0x00000000e2e00000,0x00000000e2f249e8,0x00000000e4200000)
 Metaspace       used 7024K, capacity 7196K, committed 7296K, reserved 1056768K
  class space    used 823K, capacity 888K, committed 896K, reserved 1048576K
Event: 0.882 GC heap after
Heap after GC invocations=2 (full 0):
 PSYoungGen      total 17408K, used 992K [0x00000000f6500000, 0x00000000f7700000, 0x0000000100000000)
  eden space 16384K, 0% used [0x00000000f6500000,0x00000000f6500000,0x00000000f7500000)
  from space 1024K, 96% used [0x00000000f7600000,0x00000000f76f8020,0x00000000f7700000)
  to   space 1024K, 0% used [0x00000000f7500000,0x00000000f7500000,0x00000000f7600000)
 ParOldGen       total 20480K, used 2643K [0x00000000e2e00000, 0x00000000e4200000, 0x00000000f6500000)
  object space 20480K, 12% used [0x00000000e2e00000,0x00000000e3094ea0,0x00000000e4200000)
 Metaspace       used 7024K, capacity 7196K, committed 7296K, reserved 1056768K
  class space    used 823K, capacity 888K, committed 896K, reserved 1048576K
}
Event: 1.466 GC heap before
{Heap before GC invocations=3 (full 0):
 PSYoungGen      total 17408K, used 17376K [0x00000000f6500000, 0x00000000f7700000, 0x0000000100000000)
  eden space 16384K, 100% used [0x00000000f6500000,0x00000000f7500000,0x00000000f7500000)
  from space 1024K, 96% used [0x00000000f7600000,0x00000000f76f8020,0x00000000f7700000)
  to   space 1024K, 0% used [0x00000000f7500000,0x00000000f7500000,0x00000000f7600000)
 ParOldGen       total 20480K, used 2643K [0x00000000e2e00000, 0x00000000e4200000, 0x00000000f6500000)
  object space 20480K, 12% used [0x00000000e2e00000,0x00000000e3094ea0,0x00000000e4200000)
 Metaspace       used 8227K, capacity 8348K, committed 8576K, reserved 1056768K
  class space    used 1012K, capacity 1080K, committed 1152K, reserved 1048576K
Event: 1.495 GC heap after
Heap after GC invocations=3 (full 0):
 PSYoungGen      total 17408K, used 1024K [0x00000000f6500000, 0x00000000f8700000, 0x0000000100000000)
  eden space 16384K, 0% used [0x00000000f6500000,0x00000000f6500000,0x00000000f7500000)
  from space 1024K, 100% used [0x00000000f7500000,0x00000000f7600000,0x00000000f7600000)
  to   space 1024K, 0% used [0x00000000f8600000,0x00000000f8600000,0x00000000f8700000)
 ParOldGen       total 20480K, used 4186K [0x00000000e2e00000, 0x00000000e4200000, 0x00000000f6500000)
  object space 20480K, 20% used [0x00000000e2e00000,0x00000000e3216950,0x00000000e4200000)
 Metaspace       used 8227K, capacity 8348K, committed 8576K, reserved 1056768K
  class space    used 1012K, capacity 1080K, committed 1152K, reserved 1048576K
}
Event: 2.074 GC heap before
{Heap before GC invocations=4 (full 0):
 PSYoungGen      total 17408K, used 17408K [0x00000000f6500000, 0x00000000f8700000, 0x0000000100000000)
  eden space 16384K, 100% used [0x00000000f6500000,0x00000000f7500000,0x00000000f7500000)
  from space 1024K, 100% used [0x00000000f7500000,0x00000000f7600000,0x00000000f7600000)
  to   space 1024K, 0% used [0x00000000f8600000,0x00000000f8600000,0x00000000f8700000)
 ParOldGen       total 20480K, used 4186K [0x00000000e2e00000, 0x00000000e4200000, 0x00000000f6500000)
  object space 20480K, 20% used [0x00000000e2e00000,0x00000000e3216950,0x00000000e4200000)
 Metaspace       used 10069K, capacity 10164K, committed 10240K, reserved 1058816K
  class space    used 1234K, capacity 1277K, committed 1280K, reserved 1048576K
Event: 2.094 GC heap after
Heap after GC invocations=4 (full 0):
 PSYoungGen      total 33792K, used 992K [0x00000000f6500000, 0x00000000f8700000, 0x0000000100000000)
  eden space 32768K, 0% used [0x00000000f6500000,0x00000000f6500000,0x00000000f8500000)
  from space 1024K, 96% used [0x00000000f8600000,0x00000000f86f8020,0x00000000f8700000)
  to   space 1024K, 0% used [0x00000000f8500000,0x00000000f8500000,0x00000000f8600000)
 ParOldGen       total 20480K, used 6796K [0x00000000e2e00000, 0x00000000e4200000, 0x00000000f6500000)
  object space 20480K, 33% used [0x00000000e2e00000,0x00000000e34a3120,0x00000000e4200000)
 Metaspace       used 10069K, capacity 10164K, committed 10240K, reserved 1058816K
  class space    used 1234K, capacity 1277K, committed 1280K, reserved 1048576K
}

