# JRE version: Java(TM) SE Runtime Environment (8.0_152-b16) (build 1.8.0_152-b16)
# Java VM: Java HotSpot(TM) 64-Bit Server VM (25.152-b16 mixed mode linux-amd64 compressed oops)
Heap:
 PSYoungGen      total 71680K, used 6114K [0x00000000f6500000, 0x00000000ff800000, 0x0000000100000000)
  eden space 65536K, 0% used [0x00000000f6500000,0x00000000f6500000,0x00000000fa500000)
  from space 6144K, 99% used [0x00000000fa500000,0x00000000faaf8828,0x00000000fab00000)
  to   space 9728K, 0% used [0x00000000fee80000,0x00000000fee80000,0x00000000ff800000)
 ParOldGen       total 20480K, used 17754K [0x00000000e2e00000, 0x00000000e4200000, 0x00000000f6500000)
  object space 20480K, 86% used [0x00000000e2e00000,0x00000000e3f56b38,0x00000000e4200000)
 Metaspace       used 20776K, capacity 21174K, committed 21296K, reserved 1069056K
  class space    used 2542K, capacity 2675K, committed 2688K, reserved 1048576K
GC Heap History (10 events):
Event: 2.915 GC heap after
Heap after GC invocations=3 (full 0):
 PSYoungGen      total 17408K, used 992K [0x00000000f6500000, 0x00000000f8700000, 0x0000000100000000)
  eden space 16384K, 0% used [0x00000000f6500000,0x00000000f6500000,0x00000000f7500000)
  from space 1024K, 96% used [0x00000000f7500000,0x00000000f75f8020,0x00000000f7600000)
  to   space 1024K, 0% used [0x00000000f8600000,0x00000000f8600000,0x00000000f8700000)
 ParOldGen       total 20480K, used 4182K [0x00000000e2e00000, 0x00000000e4200000, 0x00000000f6500000)
  object space 20480K, 20% used [0x00000000e2e00000,0x00000000e3215940,0x00000000e4200000)
 Metaspace       used 8221K, capacity 8348K, committed 8576K, reserved 1056768K
  class space    used 1011K, capacity 1080K, committed 1152K, reserved 1048576K
}
Event: 3.865 GC heap before
{Heap before GC invocations=4 (full 0):
 PSYoungGen      total 17408K, used 17376K [0x00000000f6500000, 0x00000000f8700000, 0x0000000100000000)
  eden space 16384K, 100% used [0x00000000f6500000,0x00000000f7500000,0x00000000f7500000)
  from space 1024K, 96% used [0x00000000f7500000,0x00000000f75f8020,0x00000000f7600000)
  to   space 1024K, 0% used [0x00000000f8600000,0x00000000f8600000,0x00000000f8700000)
 ParOldGen       total 20480K, used 4182K [0x00000000e2e00000, 0x00000000e4200000, 0x00000000f6500000)
  object space 20480K, 20% used [0x00000000e2e00000,0x00000000e3215940,0x00000000e4200000)
 Metaspace       used 10072K, capacity 10228K, committed 10240K, reserved 1058816K
  class space    used 1234K, capacity 1277K, committed 1280K, reserved 1048576K
Event: 3.891 GC heap after
Heap after GC invocations=4 (full 0):
 PSYoungGen      total 33792K, used 1024K [0x00000000f6500000, 0x00000000f8700000, 0x0000000100000000)
  eden space 32768K, 0% used [0x00000000f6500000,0x00000000f6500000,0x00000000f8500000)
  from space 1024K, 100% used [0x00000000f8600000,0x00000000f8700000,0x00000000f8700000)
  to   space 1024K, 0% used [0x00000000f8500000,0x00000000f8500000,0x00000000f8600000)
 ParOldGen       total 20480K, used 6735K [0x00000000e2e00000, 0x00000000e4200000, 0x00000000f6500000)
  object space 20480K, 32% used [0x00000000e2e00000,0x00000000e3493d30,0x00000000e4200000)
 Metaspace       used 10072K, capacity 10228K, committed 10240K, reserved 1058816K
  class space    used 1234K, capacity 1277K, committed 1280K, reserved 1048576K
}
Event: 5.501 GC heap before
{Heap before GC invocations=5 (full 0):
 PSYoungGen      total 33792K, used 33792K [0x00000000f6500000, 0x00000000f8700000, 0x0000000100000000)
  eden space 32768K, 100% used [0x00000000f6500000,0x00000000f8500000,0x00000000f8500000)
  from space 1024K, 100% used [0x00000000f8600000,0x00000000f8700000,0x00000000f8700000)
  to   space 1024K, 0% used [0x00000000f8500000,0x00000000f8500000,0x00000000f8600000)
 ParOldGen       total 20480K, used 6735K [0x00000000e2e00000, 0x00000000e4200000, 0x00000000f6500000)
  object space 20480K, 32% used [0x00000000e2e00000,0x00000000e3493d30,0x00000000e4200000)
 Metaspace       used 14327K, capacity 14538K, committed 14720K, reserved 1062912K
  class space    used 1778K, capacity 1871K, committed 1920K, reserved 1048576K
Event: 5.520 GC heap after
Heap after GC invocations=5 (full 0):
 PSYoungGen      total 33792K, used 1024K [0x00000000f6500000, 0x00000000fb100000, 0x0000000100000000)
  eden space 32768K, 0% used [0x00000000f6500000,0x00000000f6500000,0x00000000f8500000)
  from space 1024K, 100% used [0x00000000f8500000,0x00000000f8600000,0x00000000f8600000)
  to   space 6144K, 0% used [0x00000000fab00000,0x00000000fab00000,0x00000000fb100000)
 ParOldGen       total 20480K, used 12075K [0x00000000e2e00000, 0x00000000e4200000, 0x00000000f6500000)
  object space 20480K, 58% used [0x00000000e2e00000,0x00000000e39cafb8,0x00000000e4200000)
 Metaspace       used 14327K, capacity 14538K, committed 14720K, reserved 1062912K
  class space    used 1778K, capacity 1871K, committed 1920K, reserved 1048576K
}
Event: 6.805 GC heap before
{Heap before GC invocations=6 (full 0):
 PSYoungGen      total 33792K, used 33792K [0x00000000f6500000, 0x00000000fb100000, 0x0000000100000000)
  eden space 32768K, 100% used [0x00000000f6500000,0x00000000f8500000,0x00000000f8500000)
  from space 1024K, 100% used [0x00000000f8500000,0x00000000f8600000,0x00000000f8600000)
  to   space 6144K, 0% used [0x00000000fab00000,0x00000000fab00000,0x00000000fb100000)
 ParOldGen       total 20480K, used 12075K [0x00000000e2e00000, 0x00000000e4200000, 0x00000000f6500000)
  object space 20480K, 58% used [0x00000000e2e00000,0x00000000e39cafb8,0x00000000e4200000)
 Metaspace       used 15959K, capacity 16306K, committed 16512K, reserved 1062912K
  class space    used 1958K, capacity 2051K, committed 2176K, reserved 1048576K
Event: 6.817 GC heap after
Heap after GC invocations=6 (full 0):
 PSYoungGen      total 71680K, used 4214K [0x00000000f6500000, 0x00000000fb100000, 0x0000000100000000)
  eden space 65536K, 0% used [0x00000000f6500000,0x00000000f6500000,0x00000000fa500000)
  from space 6144K, 68% used [0x00000000fab00000,0x00000000faf1d958,0x00000000fb100000)
  to   space 6144K, 0% used [0x00000000fa500000,0x00000000fa500000,0x00000000fab00000)
 ParOldGen       total 20480K, used 12083K [0x00000000e2e00000, 0x00000000e4200000, 0x00000000f6500000)
  object space 20480K, 59% used [0x00000000e2e00000,0x00000000e39ccfb8,0x00000000e4200000)
 Metaspace       used 15959K, capacity 16306K, committed 16512K, reserved 1062912K
  class space    used 1958K, capacity 2051K, committed 2176K, reserved 1048576K
}
Event: 9.696 GC heap before
{Heap before GC invocations=7 (full 0):
 PSYoungGen      total 71680K, used 62069K [0x00000000f6500000, 0x00000000fb100000, 0x0000000100000000)
  eden space 65536K, 88% used [0x00000000f6500000,0x00000000f9d7fbb0,0x00000000fa500000)
  from space 6144K, 68% used [0x00000000fab00000,0x00000000faf1d958,0x00000000fb100000)
  to   space 6144K, 0% used [0x00000000fa500000,0x00000000fa500000,0x00000000fab00000)
 ParOldGen       total 20480K, used 12083K [0x00000000e2e00000, 0x00000000e4200000, 0x00000000f6500000)
  object space 20480K, 59% used [0x00000000e2e00000,0x00000000e39ccfb8,0x00000000e4200000)
 Metaspace       used 20776K, capacity 21174K, committed 21296K, reserved 1069056K
  class space    used 2542K, capacity 2675K, committed 2688K, reserved 1048576K
Event: 9.969 GC heap after
Heap after GC invocations=7 (full 0):
 PSYoungGen      total 71680K, used 6114K [0x00000000f6500000, 0x00000000ff800000, 0x0000000100000000)
  eden space 65536K, 0% used [0x00000000f6500000,0x00000000f6500000,0x00000000fa500000)
  from space 6144K, 99% used [0x00000000fa500000,0x00000000faaf8828,0x00000000fab00000)
  to   space 9728K, 0% used [0x00000000fee80000,0x00000000fee80000,0x00000000ff800000)
 ParOldGen       total 20480K, used 17754K [0x00000000e2e00000, 0x00000000e4200000, 0x00000000f6500000)
  object space 20480K, 86% used [0x00000000e2e00000,0x00000000e3f56b38,0x00000000e4200000)
 Metaspace       used 20776K, capacity 21174K, committed 21296K, reserved 1069056K
  class space    used 2542K, capacity 2675K, committed 2688K, reserved 1048576K
}
Event: 9.969 GC heap before
{Heap before GC invocations=8 (full 1):
 PSYoungGen      total 71680K, used 6114K [0x00000000f6500000, 0x00000000ff800000, 0x0000000100000000)
  eden space 65536K, 0% used [0x00000000f6500000,0x00000000f6500000,0x00000000fa500000)
  from space 6144K, 99% used [0x00000000fa500000,0x00000000faaf8828,0x00000000fab00000)
  to   space 9728K, 0% used [0x00000000fee80000,0x00000000fee80000,0x00000000ff800000)
 ParOldGen       total 20480K, used 17754K [0x00000000e2e00000, 0x00000000e4200000, 0x00000000f6500000)
  object space 20480K, 86% used [0x00000000e2e00000,0x00000000e3f56b38,0x00000000e4200000)
 Metaspace       used 20776K, capacity 21174K, committed 21296K, reserved 1069056K
  class space    used 2542K, capacity 2675K, committed 2688K, reserved 1048576K

